2025-03-17 04:36:34,949 - INFO - Worker service definition file created
2025-03-17 04:36:35,000 - INFO - Worker service registered with consul
2025-03-17 04:36:35,006 - INFO - Worker 1 server started
2025-03-17 04:36:35,015 - INFO - Woker 1 registered with Load Balancer
2025-03-17 04:36:35,015 - INFO - Load Reporting thread started
2025-03-17 04:36:36,026 - INFO - Load reported to Load Balancer
2025-03-17 04:38:30,140 - INFO - Worker service definition file created
2025-03-17 04:38:30,193 - INFO - Worker service registered with consul
2025-03-17 04:38:30,199 - INFO - Worker 1 server started
2025-03-17 04:38:30,213 - INFO - Woker 1 registered with Load Balancer
2025-03-17 04:38:30,214 - INFO - Load Reporting thread started
2025-03-17 04:38:31,227 - INFO - Load reported to Load Balancer
2025-03-17 04:38:32,748 - INFO - Received Compute request of type 1 with n = 50000000
2025-03-17 04:38:33,263 - INFO - Load reported to Load Balancer
2025-03-17 04:38:35,375 - INFO - Load reported to Load Balancer
2025-03-17 04:38:35,523 - INFO - Received Compute request of type 1 with n = 50000000
2025-03-17 04:38:37,469 - INFO - Load reported to Load Balancer
2025-03-17 04:38:38,276 - INFO - Received Compute request of type 1 with n = 50000000
2025-03-17 04:38:39,568 - INFO - Load reported to Load Balancer
2025-03-17 04:38:41,026 - INFO - Received Compute request of type 1 with n = 50000000
2025-03-17 04:38:41,672 - INFO - Load reported to Load Balancer
2025-03-17 04:38:43,786 - INFO - Load reported to Load Balancer
2025-03-17 04:38:43,799 - INFO - Received Compute request of type 1 with n = 50000000
2025-03-17 04:38:45,888 - INFO - Load reported to Load Balancer
2025-03-17 04:38:46,573 - INFO - Received Compute request of type 1 with n = 50000000
2025-03-17 04:38:47,997 - INFO - Load reported to Load Balancer
2025-03-17 04:38:49,322 - INFO - Received Compute request of type 1 with n = 50000000
2025-03-17 04:38:50,100 - INFO - Load reported to Load Balancer
2025-03-17 04:38:52,215 - INFO - Load reported to Load Balancer
2025-03-17 04:38:52,271 - INFO - Received Compute request of type 1 with n = 50000000
2025-03-17 04:38:54,375 - INFO - Load reported to Load Balancer
2025-03-17 04:38:55,244 - INFO - Received Compute request of type 1 with n = 50000000
2025-03-17 04:38:56,480 - INFO - Load reported to Load Balancer
2025-03-17 04:41:32,691 - INFO - Worker service definition file created
2025-03-17 04:41:32,740 - INFO - Worker service registered with consul
2025-03-17 04:41:32,746 - INFO - Worker 1 server started
2025-03-17 04:41:32,758 - INFO - Woker 1 registered with Load Balancer
2025-03-17 04:41:32,758 - INFO - Load Reporting thread started
2025-03-17 04:41:33,769 - INFO - Load reported to Load Balancer
2025-03-17 04:41:35,326 - INFO - Received Compute request of type 1 with n = 1000000
2025-03-17 04:41:35,382 - INFO - Received Compute request of type 1 with n = 1000000
2025-03-17 04:41:35,434 - INFO - Received Compute request of type 1 with n = 1000000
2025-03-17 04:41:35,469 - INFO - Received Compute request of type 1 with n = 1000000
2025-03-17 04:41:35,565 - INFO - Received Compute request of type 1 with n = 1000000
2025-03-17 04:41:35,617 - INFO - Received Compute request of type 1 with n = 1000000
2025-03-17 04:41:35,681 - INFO - Received Compute request of type 1 with n = 1000000
2025-03-17 04:41:35,716 - INFO - Received Compute request of type 1 with n = 1000000
2025-03-17 04:41:35,797 - INFO - Load reported to Load Balancer
2025-03-17 04:41:35,798 - INFO - Received Compute request of type 1 with n = 1000000
2025-03-17 04:41:35,827 - INFO - Received Compute request of type 1 with n = 1000000
2025-03-17 04:41:35,911 - INFO - Received Compute request of type 1 with n = 1000000
2025-03-17 04:41:35,943 - INFO - Received Compute request of type 1 with n = 1000000
2025-03-17 04:41:36,025 - INFO - Received Compute request of type 1 with n = 1000000
2025-03-17 04:41:36,054 - INFO - Received Compute request of type 1 with n = 1000000
2025-03-17 04:41:36,133 - INFO - Received Compute request of type 1 with n = 1000000
2025-03-17 04:41:36,181 - INFO - Received Compute request of type 1 with n = 1000000
2025-03-17 04:41:36,247 - INFO - Received Compute request of type 1 with n = 1000000
2025-03-17 04:41:36,284 - INFO - Received Compute request of type 1 with n = 1000000
2025-03-17 04:41:36,365 - INFO - Received Compute request of type 1 with n = 1000000
2025-03-17 04:41:36,416 - INFO - Received Compute request of type 1 with n = 1000000
2025-03-17 04:41:36,463 - INFO - Received Compute request of type 1 with n = 1000000
2025-03-17 04:41:36,521 - INFO - Received Compute request of type 1 with n = 1000000
2025-03-17 04:41:36,589 - INFO - Received Compute request of type 1 with n = 1000000
2025-03-17 04:41:36,628 - INFO - Received Compute request of type 1 with n = 1000000
2025-03-17 04:41:36,703 - INFO - Received Compute request of type 1 with n = 1000000
2025-03-17 04:41:36,751 - INFO - Received Compute request of type 1 with n = 1000000
2025-03-17 04:41:36,803 - INFO - Received Compute request of type 1 with n = 1000000
2025-03-17 04:41:36,872 - INFO - Received Compute request of type 1 with n = 1000000
2025-03-17 04:41:36,926 - INFO - Received Compute request of type 1 with n = 1000000
2025-03-17 04:41:36,985 - INFO - Received Compute request of type 1 with n = 1000000
2025-03-17 04:41:37,038 - INFO - Received Compute request of type 1 with n = 1000000
2025-03-17 04:41:37,902 - INFO - Load reported to Load Balancer
2025-03-17 04:43:57,487 - INFO - Worker service definition file created
2025-03-17 04:43:57,540 - INFO - Worker service registered with consul
2025-03-17 04:43:57,545 - INFO - Worker 1 server started
2025-03-17 04:43:57,553 - INFO - Woker 1 registered with Load Balancer
2025-03-17 04:43:57,554 - INFO - Load Reporting thread started
2025-03-17 04:43:58,565 - INFO - Load reported to Load Balancer
2025-03-17 04:44:00,072 - INFO - Received Compute request of type 1 with n = 1000
2025-03-17 04:44:00,093 - INFO - Received Compute request of type 1 with n = 1000
2025-03-17 04:44:00,111 - INFO - Received Compute request of type 1 with n = 1000
2025-03-17 04:44:00,115 - INFO - Received Compute request of type 1 with n = 1000
2025-03-17 04:44:00,119 - INFO - Received Compute request of type 1 with n = 1000
2025-03-17 04:44:00,121 - INFO - Received Compute request of type 1 with n = 1000
2025-03-17 04:44:00,124 - INFO - Received Compute request of type 1 with n = 1000
2025-03-17 04:44:00,128 - INFO - Received Compute request of type 1 with n = 1000
2025-03-17 04:44:00,131 - INFO - Received Compute request of type 1 with n = 1000
2025-03-17 04:44:00,134 - INFO - Received Compute request of type 1 with n = 1000
2025-03-17 04:44:00,136 - INFO - Received Compute request of type 1 with n = 1000
2025-03-17 04:44:00,139 - INFO - Received Compute request of type 1 with n = 1000
2025-03-17 04:44:00,143 - INFO - Received Compute request of type 1 with n = 1000
2025-03-17 04:44:00,146 - INFO - Received Compute request of type 1 with n = 1000
2025-03-17 04:44:00,150 - INFO - Received Compute request of type 1 with n = 1000
2025-03-17 04:44:00,151 - INFO - Received Compute request of type 1 with n = 1000
2025-03-17 04:44:00,155 - INFO - Received Compute request of type 1 with n = 1000
2025-03-17 04:44:00,159 - INFO - Received Compute request of type 1 with n = 1000
2025-03-17 04:44:00,162 - INFO - Received Compute request of type 1 with n = 1000
2025-03-17 04:44:00,166 - INFO - Received Compute request of type 1 with n = 1000
2025-03-17 04:44:00,168 - INFO - Received Compute request of type 1 with n = 1000
2025-03-17 04:44:00,172 - INFO - Received Compute request of type 1 with n = 1000
2025-03-17 04:44:00,177 - INFO - Received Compute request of type 1 with n = 1000
2025-03-17 04:44:00,181 - INFO - Received Compute request of type 1 with n = 1000
2025-03-17 04:44:00,184 - INFO - Received Compute request of type 1 with n = 1000
2025-03-17 04:44:00,187 - INFO - Received Compute request of type 1 with n = 1000
2025-03-17 04:44:00,190 - INFO - Received Compute request of type 1 with n = 1000
2025-03-17 04:44:00,193 - INFO - Received Compute request of type 1 with n = 1000
2025-03-17 04:44:00,196 - INFO - Received Compute request of type 1 with n = 1000
2025-03-17 04:44:00,199 - INFO - Received Compute request of type 1 with n = 1000
2025-03-17 04:44:00,203 - INFO - Received Compute request of type 1 with n = 1000
2025-03-17 04:44:00,206 - INFO - Received Compute request of type 1 with n = 1000
2025-03-17 04:45:30,951 - INFO - Worker service definition file created
2025-03-17 04:45:31,011 - INFO - Worker service registered with consul
2025-03-17 04:45:31,017 - INFO - Worker 1 server started
2025-03-17 04:45:31,028 - INFO - Woker 1 registered with Load Balancer
2025-03-17 04:45:31,029 - INFO - Load Reporting thread started
2025-03-17 04:45:32,041 - INFO - Load reported to Load Balancer
2025-03-17 04:45:34,051 - INFO - Load reported to Load Balancer
2025-03-17 04:45:36,061 - INFO - Load reported to Load Balancer
2025-03-17 04:45:38,068 - INFO - Load reported to Load Balancer
2025-03-17 04:45:40,077 - INFO - Load reported to Load Balancer
2025-03-17 04:45:42,082 - INFO - Load reported to Load Balancer
2025-03-17 04:45:44,090 - INFO - Load reported to Load Balancer
2025-03-17 04:45:46,098 - INFO - Load reported to Load Balancer
2025-03-17 04:45:46,220 - INFO - Received Compute request of type 1 with n = 50000000
2025-03-17 04:45:46,503 - INFO - Received Compute request of type 1 with n = 50000000
2025-03-17 04:45:46,576 - INFO - Received Compute request of type 1 with n = 50000000
2025-03-17 04:45:46,745 - INFO - Received Compute request of type 1 with n = 50000000
2025-03-17 04:45:46,800 - INFO - Received Compute request of type 1 with n = 50000000
2025-03-17 04:45:48,709 - INFO - Load reported to Load Balancer
2025-03-17 04:45:51,210 - INFO - Load reported to Load Balancer
2025-03-17 04:45:53,694 - INFO - Load reported to Load Balancer
2025-03-17 04:45:56,321 - INFO - Load reported to Load Balancer
2025-03-17 04:45:58,825 - INFO - Load reported to Load Balancer
2025-03-17 04:46:00,897 - INFO - Load reported to Load Balancer
2025-03-17 04:46:02,903 - INFO - Load reported to Load Balancer
2025-03-17 04:46:44,188 - INFO - Worker service definition file created
2025-03-17 04:46:44,237 - INFO - Worker service registered with consul
2025-03-17 04:46:44,242 - INFO - Worker 1 server started
2025-03-17 04:46:44,254 - INFO - Woker 1 registered with Load Balancer
2025-03-17 04:46:44,254 - INFO - Load Reporting thread started
2025-03-17 04:46:45,264 - INFO - Load reported to Load Balancer
2025-03-17 04:46:47,292 - INFO - Load reported to Load Balancer
2025-03-17 04:46:49,298 - INFO - Load reported to Load Balancer
2025-03-17 04:46:51,306 - INFO - Load reported to Load Balancer
2025-03-17 04:48:17,184 - INFO - Worker service definition file created
2025-03-17 04:48:17,239 - INFO - Worker service registered with consul
2025-03-17 04:48:17,246 - INFO - Worker 1 server started
2025-03-17 04:48:17,258 - INFO - Woker 1 registered with Load Balancer
2025-03-17 04:48:17,259 - INFO - Load Reporting thread started
2025-03-17 04:48:18,272 - INFO - Load reported to Load Balancer
2025-04-19 14:33:02,327 - INFO - Worker service definition file created
2025-04-19 14:33:02,364 - INFO - Worker service registered with consul
2025-04-19 14:34:35,647 - INFO - Worker service definition file created
2025-04-19 14:34:35,712 - INFO - Worker service registered with consul
2025-04-19 14:34:35,717 - INFO - Worker 1 server started
2025-04-19 14:34:35,731 - INFO - Woker 1 registered with Load Balancer
2025-04-19 14:34:35,731 - INFO - Load Reporting thread started
2025-04-19 14:34:36,743 - INFO - Load reported to Load Balancer
2025-04-19 14:35:33,998 - INFO - Worker service definition file created
2025-04-19 14:35:34,044 - INFO - Worker service registered with consul
2025-04-19 14:35:34,048 - INFO - Worker 1 server started
2025-04-19 14:35:34,059 - INFO - Woker 1 registered with Load Balancer
2025-04-19 14:35:34,059 - INFO - Load Reporting thread started
2025-04-19 14:35:35,071 - INFO - Load reported to Load Balancer
2025-04-19 14:35:37,084 - INFO - Load reported to Load Balancer
2025-04-19 14:35:39,093 - INFO - Load reported to Load Balancer
2025-04-19 14:35:41,098 - INFO - Load reported to Load Balancer
2025-04-19 14:37:23,988 - INFO - Worker service definition file created
2025-04-19 14:37:24,035 - INFO - Worker service registered with consul
2025-04-19 14:37:24,040 - INFO - Worker 1 server started
2025-04-19 14:37:24,052 - INFO - Woker 1 registered with Load Balancer
2025-04-19 14:37:24,053 - INFO - Load Reporting thread started
2025-04-19 14:37:25,065 - INFO - Load reported to Load Balancer
2025-04-19 14:37:27,077 - INFO - Load reported to Load Balancer
2025-04-19 14:37:29,089 - INFO - Load reported to Load Balancer
2025-04-19 14:43:15,325 - INFO - Worker service definition file created
2025-04-19 14:43:15,533 - INFO - Worker service registered with consul
2025-04-19 14:44:28,709 - INFO - Worker service definition file created
2025-04-19 14:44:28,751 - INFO - Worker service registered with consul
2025-04-19 14:44:33,109 - INFO - Worker service definition file created
2025-04-19 14:44:33,149 - INFO - Worker service registered with consul
2025-04-19 14:50:40,851 - INFO - Worker service definition file created
2025-04-19 14:50:41,148 - INFO - Worker service registered with consul
2025-04-19 14:52:40,738 - INFO - Worker service definition file created
2025-04-19 14:52:40,776 - INFO - Worker service registered with consul
2025-04-19 14:53:38,699 - INFO - Worker service definition file created
2025-04-19 14:53:38,737 - INFO - Worker service registered with consul
2025-04-19 14:53:38,743 - INFO - Worker 1 server started
2025-04-19 14:53:38,754 - INFO - Woker 1 registered with Load Balancer
2025-04-19 14:53:38,754 - INFO - Load Reporting thread started
2025-04-19 14:53:39,765 - INFO - Load reported to Load Balancer
2025-04-19 14:53:50,778 - INFO - Load reported to Load Balancer
2025-04-19 14:54:01,796 - INFO - Load reported to Load Balancer
2025-04-19 14:54:12,819 - INFO - Load reported to Load Balancer
2025-04-19 14:54:23,842 - INFO - Load reported to Load Balancer
2025-04-19 14:54:34,870 - INFO - Load reported to Load Balancer
2025-04-19 14:54:45,888 - INFO - Load reported to Load Balancer
2025-04-19 14:54:56,908 - INFO - Load reported to Load Balancer
2025-04-19 14:55:07,925 - INFO - Load reported to Load Balancer
2025-04-19 14:55:18,951 - INFO - Load reported to Load Balancer
2025-04-19 14:55:29,972 - INFO - Load reported to Load Balancer
2025-04-19 14:55:41,001 - INFO - Load reported to Load Balancer
2025-04-19 14:55:52,015 - INFO - Load reported to Load Balancer
2025-04-19 14:56:03,035 - INFO - Load reported to Load Balancer
2025-04-19 14:56:14,070 - INFO - Load reported to Load Balancer
2025-04-19 14:56:25,093 - INFO - Load reported to Load Balancer
2025-04-19 14:56:25,678 - INFO - Received Compute request of type 1 with n = 100000
2025-04-19 14:56:36,112 - INFO - Load reported to Load Balancer
2025-04-19 14:56:47,141 - INFO - Load reported to Load Balancer
2025-04-19 14:56:58,158 - INFO - Load reported to Load Balancer
2025-04-19 14:57:09,178 - INFO - Load reported to Load Balancer
2025-04-19 14:57:20,204 - INFO - Load reported to Load Balancer
2025-04-19 14:57:31,227 - INFO - Load reported to Load Balancer
2025-04-19 14:57:42,252 - INFO - Load reported to Load Balancer
2025-04-19 14:57:53,277 - INFO - Load reported to Load Balancer
2025-04-19 14:58:04,296 - INFO - Load reported to Load Balancer
2025-04-19 14:58:15,320 - INFO - Load reported to Load Balancer
2025-04-19 14:58:26,351 - INFO - Load reported to Load Balancer
2025-04-19 14:58:37,376 - INFO - Load reported to Load Balancer
2025-04-19 14:58:48,394 - INFO - Load reported to Load Balancer
2025-04-19 14:58:59,413 - INFO - Load reported to Load Balancer
2025-04-19 14:59:10,443 - INFO - Load reported to Load Balancer
2025-04-19 14:59:21,469 - INFO - Load reported to Load Balancer
2025-04-19 14:59:32,492 - INFO - Load reported to Load Balancer
2025-04-19 14:59:43,513 - INFO - Load reported to Load Balancer
2025-04-19 14:59:54,536 - INFO - Load reported to Load Balancer
2025-04-19 15:00:00,349 - INFO - Received Compute request of type 2 with n = 5
2025-04-19 15:00:05,557 - INFO - Load reported to Load Balancer
2025-04-19 16:46:11,855 - INFO - Worker service definition file created
2025-04-19 16:46:11,894 - INFO - Worker service registered with consul
2025-04-19 16:46:11,898 - INFO - Worker 1 server started
2025-04-19 16:46:11,910 - INFO - Woker 1 registered with Load Balancer
2025-04-19 16:46:11,910 - INFO - Load Reporting thread started
2025-04-19 16:46:12,920 - INFO - Load reported to Load Balancer
2025-04-19 16:46:23,941 - INFO - Load reported to Load Balancer
2025-04-19 16:46:34,961 - INFO - Load reported to Load Balancer
2025-04-19 16:46:45,978 - INFO - Load reported to Load Balancer
2025-04-19 16:46:56,997 - INFO - Load reported to Load Balancer
2025-04-19 16:47:08,011 - INFO - Load reported to Load Balancer
2025-04-19 16:47:19,031 - INFO - Load reported to Load Balancer
2025-04-19 16:47:30,050 - INFO - Load reported to Load Balancer
2025-04-19 16:47:41,071 - INFO - Load reported to Load Balancer
2025-04-19 16:47:52,087 - INFO - Load reported to Load Balancer
2025-04-19 16:48:03,115 - INFO - Load reported to Load Balancer
2025-04-19 16:48:14,140 - INFO - Load reported to Load Balancer
2025-04-19 16:48:25,146 - INFO - Load reported to Load Balancer
2025-04-19 16:48:30,196 - INFO - Received Compute request of type 1 with n = 50000
2025-04-19 16:48:36,158 - INFO - Load reported to Load Balancer
2025-04-19 16:48:47,174 - INFO - Load reported to Load Balancer
2025-04-19 16:48:58,188 - INFO - Load reported to Load Balancer
2025-04-19 16:49:09,209 - INFO - Load reported to Load Balancer
2025-04-19 16:49:09,680 - INFO - Received Compute request of type 2 with n = 3
2025-04-19 16:49:20,237 - INFO - Load reported to Load Balancer
2025-04-19 16:49:31,266 - INFO - Load reported to Load Balancer
2025-04-19 16:49:42,287 - INFO - Load reported to Load Balancer
2025-04-19 16:49:53,311 - INFO - Load reported to Load Balancer
2025-04-19 16:52:07,548 - INFO - Worker service definition file created
2025-04-19 16:52:07,597 - INFO - Worker service registered with consul
2025-04-19 16:52:07,601 - INFO - Worker 1 server started
2025-04-19 16:52:07,613 - INFO - Woker 1 registered with Load Balancer
2025-04-19 16:52:07,613 - INFO - Load Reporting thread started
2025-04-19 16:52:08,624 - INFO - Load reported to Load Balancer
2025-04-19 16:52:10,846 - INFO - Load reported to Load Balancer
2025-04-19 16:52:13,447 - INFO - Load reported to Load Balancer
2025-04-19 16:52:15,831 - INFO - Load reported to Load Balancer
2025-04-19 16:52:18,605 - INFO - Load reported to Load Balancer
2025-04-19 16:52:21,873 - INFO - Load reported to Load Balancer
2025-04-19 16:52:24,371 - INFO - Load reported to Load Balancer
2025-04-19 16:52:26,756 - INFO - Load reported to Load Balancer
2025-04-19 16:52:29,612 - INFO - Received Compute request of type 1 with n = 50000000
2025-04-19 16:52:30,124 - INFO - Received Compute request of type 1 with n = 50000000
2025-04-19 16:52:30,127 - INFO - Load reported to Load Balancer
2025-04-19 16:52:30,140 - INFO - Received Compute request of type 1 with n = 50000000
2025-04-19 16:52:30,606 - INFO - Received Compute request of type 1 with n = 50000000
2025-04-19 16:52:30,979 - INFO - Received Compute request of type 1 with n = 50000000
2025-04-19 16:52:31,133 - INFO - Received Compute request of type 1 with n = 50000000
2025-04-19 16:52:31,848 - INFO - Received Compute request of type 1 with n = 50000000
2025-04-19 16:52:31,866 - INFO - Received Compute request of type 1 with n = 50000000
2025-04-19 16:52:33,029 - INFO - Received Compute request of type 1 with n = 50000000
2025-04-19 16:52:33,112 - INFO - Received Compute request of type 1 with n = 50000000
2025-04-19 16:52:33,118 - INFO - Load reported to Load Balancer
